# JRE version: OpenJDK Runtime Environment GraalVM CE 22.3.0 (17.0.5+8) (build 17.0.5+8-jvmci-22.3-b08)
# Java VM: OpenJDK 64-Bit Server VM GraalVM CE 22.3.0 (17.0.5+8-jvmci-22.3-b08, mixed mode, sharing, tiered, jvmci, jvmci compiler, compressed oops, compressed class ptrs, parallel gc, linux-amd64)
GC Precious Log:
 CPUs: 8 total, 1 available
 Memory: 1024M
 Large Page Support: Disabled
 NUMA Support: Disabled
 Compressed Oops: Enabled (32-bit)
 Alignments: Space 512K, Generation 512K, Heap 2M
 Heap Min Capacity: 100M
 Heap Initial Capacity: 100M
 Heap Max Capacity: 512M
 Pre-touch: Disabled
 Parallel Workers: 1
Heap:
 PSYoungGen      total 37888K, used 28160K [0x00000000f5580000, 0x00000000f8600000, 0x0000000100000000)
  eden space 28160K, 100% used [0x00000000f5580000,0x00000000f7100000,0x00000000f7100000)
  from space 9728K, 0% used [0x00000000f7b80000,0x00000000f7b80000,0x00000000f8500000)
  to   space 10240K, 0% used [0x00000000f7100000,0x00000000f7100000,0x00000000f7b00000)
 ParOldGen       total 349696K, used 349695K [0x00000000e0000000, 0x00000000f5580000, 0x00000000f5580000)
  object space 349696K, 99% used [0x00000000e0000000,0x00000000f557fcc0,0x00000000f5580000)
 Metaspace       used 54218K, committed 55040K, reserved 1105920K
  class space    used 5414K, committed 5824K, reserved 1048576K
GC Heap History (20 events):
Event: 997.077 GC heap before
{Heap before GC invocations=902 (full 735):
 PSYoungGen      total 37888K, used 28160K [0x00000000f5580000, 0x00000000f8600000, 0x0000000100000000)
  eden space 28160K, 100% used [0x00000000f5580000,0x00000000f7100000,0x00000000f7100000)
  from space 9728K, 0% used [0x00000000f7b80000,0x00000000f7b80000,0x00000000f8500000)
  to   space 10240K, 0% used [0x00000000f7100000,0x00000000f7100000,0x00000000f7b00000)
 ParOldGen       total 349696K, used 349695K [0x00000000e0000000, 0x00000000f5580000, 0x00000000f5580000)
  object space 349696K, 99% used [0x00000000e0000000,0x00000000f557fca0,0x00000000f5580000)
 Metaspace       used 54218K, committed 55040K, reserved 1105920K
  class space    used 5414K, committed 5824K, reserved 1048576K
}
Event: 998.247 GC heap after
{Heap after GC invocations=902 (full 735):
 PSYoungGen      total 38400K, used 28159K [0x00000000f5580000, 0x00000000f8600000, 0x0000000100000000)
  eden space 28160K, 99% used [0x00000000f5580000,0x00000000f70fffd0,0x00000000f7100000)
  from space 10240K, 0% used [0x00000000f7100000,0x00000000f7100000,0x00000000f7b00000)
  to   space 9728K, 0% used [0x00000000f7b80000,0x00000000f7b80000,0x00000000f8500000)
 ParOldGen       total 349696K, used 349694K [0x00000000e0000000, 0x00000000f5580000, 0x00000000f5580000)
  object space 349696K, 99% used [0x00000000e0000000,0x00000000f557faf8,0x00000000f5580000)
 Metaspace       used 54218K, committed 55040K, reserved 1105920K
  class space    used 5414K, committed 5824K, reserved 1048576K
}
Event: 998.248 GC heap before
{Heap before GC invocations=903 (full 736):
 PSYoungGen      total 38400K, used 28159K [0x00000000f5580000, 0x00000000f8600000, 0x0000000100000000)
  eden space 28160K, 99% used [0x00000000f5580000,0x00000000f70ffff0,0x00000000f7100000)
  from space 10240K, 0% used [0x00000000f7100000,0x00000000f7100000,0x00000000f7b00000)
  to   space 9728K, 0% used [0x00000000f7b80000,0x00000000f7b80000,0x00000000f8500000)
 ParOldGen       total 349696K, used 349695K [0x00000000e0000000, 0x00000000f5580000, 0x00000000f5580000)
  object space 349696K, 99% used [0x00000000e0000000,0x00000000f557fff8,0x00000000f5580000)
 Metaspace       used 54218K, committed 55040K, reserved 1105920K
  class space    used 5414K, committed 5824K, reserved 1048576K
}
Event: 999.375 GC heap after
{Heap after GC invocations=903 (full 736):
 PSYoungGen      total 37888K, used 28159K [0x00000000f5580000, 0x00000000f8600000, 0x0000000100000000)
  eden space 28160K, 99% used [0x00000000f5580000,0x00000000f70fffd8,0x00000000f7100000)
  from space 9728K, 0% used [0x00000000f7b80000,0x00000000f7b80000,0x00000000f8500000)
  to   space 10240K, 0% used [0x00000000f7100000,0x00000000f7100000,0x00000000f7b00000)
 ParOldGen       total 349696K, used 349695K [0x00000000e0000000, 0x00000000f5580000, 0x00000000f5580000)
  object space 349696K, 99% used [0x00000000e0000000,0x00000000f557fe98,0x00000000f5580000)
 Metaspace       used 54218K, committed 55040K, reserved 1105920K
  class space    used 5414K, committed 5824K, reserved 1048576K
}
Event: 999.376 GC heap before
{Heap before GC invocations=904 (full 737):
 PSYoungGen      total 37888K, used 28159K [0x00000000f5580000, 0x00000000f8600000, 0x0000000100000000)
  eden space 28160K, 99% used [0x00000000f5580000,0x00000000f70ffff8,0x00000000f7100000)
  from space 9728K, 0% used [0x00000000f7b80000,0x00000000f7b80000,0x00000000f8500000)
  to   space 10240K, 0% used [0x00000000f7100000,0x00000000f7100000,0x00000000f7b00000)
 ParOldGen       total 349696K, used 349695K [0x00000000e0000000, 0x00000000f5580000, 0x00000000f5580000)
  object space 349696K, 99% used [0x00000000e0000000,0x00000000f557fff8,0x00000000f5580000)
 Metaspace       used 54218K, committed 55040K, reserved 1105920K
  class space    used 5414K, committed 5824K, reserved 1048576K
}
Event: 1000.579 GC heap after
{Heap after GC invocations=904 (full 737):
 PSYoungGen      total 38400K, used 28159K [0x00000000f5580000, 0x00000000f8600000, 0x0000000100000000)
  eden space 28160K, 99% used [0x00000000f5580000,0x00000000f70fffe0,0x00000000f7100000)
  from space 10240K, 0% used [0x00000000f7100000,0x00000000f7100000,0x00000000f7b00000)
  to   space 9728K, 0% used [0x00000000f7b80000,0x00000000f7b80000,0x00000000f8500000)
 ParOldGen       total 349696K, used 349695K [0x00000000e0000000, 0x00000000f5580000, 0x00000000f5580000)
  object space 349696K, 99% used [0x00000000e0000000,0x00000000f557fed8,0x00000000f5580000)
 Metaspace       used 54218K, committed 55040K, reserved 1105920K
  class space    used 5414K, committed 5824K, reserved 1048576K
}
Event: 1000.579 GC heap before
{Heap before GC invocations=905 (full 738):
 PSYoungGen      total 38400K, used 28160K [0x00000000f5580000, 0x00000000f8600000, 0x0000000100000000)
  eden space 28160K, 100% used [0x00000000f5580000,0x00000000f7100000,0x00000000f7100000)
  from space 10240K, 0% used [0x00000000f7100000,0x00000000f7100000,0x00000000f7b00000)
  to   space 9728K, 0% used [0x00000000f7b80000,0x00000000f7b80000,0x00000000f8500000)
 ParOldGen       total 349696K, used 349695K [0x00000000e0000000, 0x00000000f5580000, 0x00000000f5580000)
  object space 349696K, 99% used [0x00000000e0000000,0x00000000f557fed8,0x00000000f5580000)
 Metaspace       used 54218K, committed 55040K, reserved 1105920K
  class space    used 5414K, committed 5824K, reserved 1048576K
}
Event: 1001.770 GC heap after
{Heap after GC invocations=905 (full 738):
 PSYoungGen      total 37888K, used 28159K [0x00000000f5580000, 0x00000000f8600000, 0x0000000100000000)
  eden space 28160K, 99% used [0x00000000f5580000,0x00000000f70fffc0,0x00000000f7100000)
  from space 9728K, 0% used [0x00000000f7b80000,0x00000000f7b80000,0x00000000f8500000)
  to   space 10240K, 0% used [0x00000000f7100000,0x00000000f7100000,0x00000000f7b00000)
 ParOldGen       total 349696K, used 349695K [0x00000000e0000000, 0x00000000f5580000, 0x00000000f5580000)
  object space 349696K, 99% used [0x00000000e0000000,0x00000000f557fed8,0x00000000f5580000)
 Metaspace       used 54218K, committed 55040K, reserved 1105920K
  class space    used 5414K, committed 5824K, reserved 1048576K
}
Event: 1001.770 GC heap before
{Heap before GC invocations=906 (full 739):
 PSYoungGen      total 37888K, used 28159K [0x00000000f5580000, 0x00000000f8600000, 0x0000000100000000)
  eden space 28160K, 99% used [0x00000000f5580000,0x00000000f70ffff8,0x00000000f7100000)
  from space 9728K, 0% used [0x00000000f7b80000,0x00000000f7b80000,0x00000000f8500000)
  to   space 10240K, 0% used [0x00000000f7100000,0x00000000f7100000,0x00000000f7b00000)
 ParOldGen       total 349696K, used 349695K [0x00000000e0000000, 0x00000000f5580000, 0x00000000f5580000)
  object space 349696K, 99% used [0x00000000e0000000,0x00000000f557fed8,0x00000000f5580000)
 Metaspace       used 54218K, committed 55040K, reserved 1105920K
  class space    used 5414K, committed 5824K, reserved 1048576K
}
Event: 1002.887 GC heap after
{Heap after GC invocations=906 (full 739):
 PSYoungGen      total 38400K, used 28159K [0x00000000f5580000, 0x00000000f8600000, 0x0000000100000000)
  eden space 28160K, 99% used [0x00000000f5580000,0x00000000f70ffff8,0x00000000f7100000)
  from space 10240K, 0% used [0x00000000f7100000,0x00000000f7100000,0x00000000f7b00000)
  to   space 9728K, 0% used [0x00000000f7b80000,0x00000000f7b80000,0x00000000f8500000)
 ParOldGen       total 349696K, used 349695K [0x00000000e0000000, 0x00000000f5580000, 0x00000000f5580000)
  object space 349696K, 99% used [0x00000000e0000000,0x00000000f557fed8,0x00000000f5580000)
 Metaspace       used 54218K, committed 55040K, reserved 1105920K
  class space    used 5414K, committed 5824K, reserved 1048576K
}
Event: 1002.887 GC heap before
{Heap before GC invocations=907 (full 740):
 PSYoungGen      total 38400K, used 28159K [0x00000000f5580000, 0x00000000f8600000, 0x0000000100000000)
  eden space 28160K, 99% used [0x00000000f5580000,0x00000000f70ffff8,0x00000000f7100000)
  from space 10240K, 0% used [0x00000000f7100000,0x00000000f7100000,0x00000000f7b00000)
  to   space 9728K, 0% used [0x00000000f7b80000,0x00000000f7b80000,0x00000000f8500000)
 ParOldGen       total 349696K, used 349695K [0x00000000e0000000, 0x00000000f5580000, 0x00000000f5580000)
  object space 349696K, 99% used [0x00000000e0000000,0x00000000f557fff8,0x00000000f5580000)
 Metaspace       used 54218K, committed 55040K, reserved 1105920K
  class space    used 5414K, committed 5824K, reserved 1048576K
}
Event: 1004.044 GC heap after
{Heap after GC invocations=907 (full 740):
 PSYoungGen      total 37888K, used 28159K [0x00000000f5580000, 0x00000000f8600000, 0x0000000100000000)
  eden space 28160K, 99% used [0x00000000f5580000,0x00000000f70fff90,0x00000000f7100000)
  from space 9728K, 0% used [0x00000000f7b80000,0x00000000f7b80000,0x00000000f8500000)
  to   space 10240K, 0% used [0x00000000f7100000,0x00000000f7100000,0x00000000f7b00000)
 ParOldGen       total 349696K, used 349695K [0x00000000e0000000, 0x00000000f5580000, 0x00000000f5580000)
  object space 349696K, 99% used [0x00000000e0000000,0x00000000f557ffd8,0x00000000f5580000)
 Metaspace       used 54218K, committed 55040K, reserved 1105920K
  class space    used 5414K, committed 5824K, reserved 1048576K
}
Event: 1004.046 GC heap before
{Heap before GC invocations=908 (full 741):
 PSYoungGen      total 37888K, used 28159K [0x00000000f5580000, 0x00000000f8600000, 0x0000000100000000)
  eden space 28160K, 99% used [0x00000000f5580000,0x00000000f70ffff0,0x00000000f7100000)
  from space 9728K, 0% used [0x00000000f7b80000,0x00000000f7b80000,0x00000000f8500000)
  to   space 10240K, 0% used [0x00000000f7100000,0x00000000f7100000,0x00000000f7b00000)
 ParOldGen       total 349696K, used 349695K [0x00000000e0000000, 0x00000000f5580000, 0x00000000f5580000)
  object space 349696K, 99% used [0x00000000e0000000,0x00000000f557ffd8,0x00000000f5580000)
 Metaspace       used 54218K, committed 55040K, reserved 1105920K
  class space    used 5414K, committed 5824K, reserved 1048576K
}
Event: 1005.258 GC heap after
{Heap after GC invocations=908 (full 741):
 PSYoungGen      total 38400K, used 28159K [0x00000000f5580000, 0x00000000f8600000, 0x0000000100000000)
  eden space 28160K, 99% used [0x00000000f5580000,0x00000000f70fff90,0x00000000f7100000)
  from space 10240K, 0% used [0x00000000f7100000,0x00000000f7100000,0x00000000f7b00000)
  to   space 9728K, 0% used [0x00000000f7b80000,0x00000000f7b80000,0x00000000f8500000)
 ParOldGen       total 349696K, used 349695K [0x00000000e0000000, 0x00000000f5580000, 0x00000000f5580000)
  object space 349696K, 99% used [0x00000000e0000000,0x00000000f557ffd8,0x00000000f5580000)
 Metaspace       used 54218K, committed 55040K, reserved 1105920K
  class space    used 5414K, committed 5824K, reserved 1048576K
}
Event: 1005.259 GC heap before
{Heap before GC invocations=909 (full 742):
 PSYoungGen      total 38400K, used 28159K [0x00000000f5580000, 0x00000000f8600000, 0x0000000100000000)
  eden space 28160K, 99% used [0x00000000f5580000,0x00000000f70fffa8,0x00000000f7100000)
  from space 10240K, 0% used [0x00000000f7100000,0x00000000f7100000,0x00000000f7b00000)
  to   space 9728K, 0% used [0x00000000f7b80000,0x00000000f7b80000,0x00000000f8500000)
 ParOldGen       total 349696K, used 349695K [0x00000000e0000000, 0x00000000f5580000, 0x00000000f5580000)
  object space 349696K, 99% used [0x00000000e0000000,0x00000000f557ffd8,0x00000000f5580000)
 Metaspace       used 54218K, committed 55040K, reserved 1105920K
  class space    used 5414K, committed 5824K, reserved 1048576K
}
Event: 1006.388 GC heap after
{Heap after GC invocations=909 (full 742):
 PSYoungGen      total 37888K, used 28159K [0x00000000f5580000, 0x00000000f8600000, 0x0000000100000000)
  eden space 28160K, 99% used [0x00000000f5580000,0x00000000f70fffa8,0x00000000f7100000)
  from space 9728K, 0% used [0x00000000f7b80000,0x00000000f7b80000,0x00000000f8500000)
  to   space 10240K, 0% used [0x00000000f7100000,0x00000000f7100000,0x00000000f7b00000)
 ParOldGen       total 349696K, used 349695K [0x00000000e0000000, 0x00000000f5580000, 0x00000000f5580000)
  object space 349696K, 99% used [0x00000000e0000000,0x00000000f557ffd8,0x00000000f5580000)
 Metaspace       used 54218K, committed 55040K, reserved 1105920K
  class space    used 5414K, committed 5824K, reserved 1048576K
}
Event: 1006.388 GC heap before
{Heap before GC invocations=910 (full 743):
 PSYoungGen      total 37888K, used 28159K [0x00000000f5580000, 0x00000000f8600000, 0x0000000100000000)
  eden space 28160K, 99% used [0x00000000f5580000,0x00000000f70fffa8,0x00000000f7100000)
  from space 9728K, 0% used [0x00000000f7b80000,0x00000000f7b80000,0x00000000f8500000)
  to   space 10240K, 0% used [0x00000000f7100000,0x00000000f7100000,0x00000000f7b00000)
 ParOldGen       total 349696K, used 349695K [0x00000000e0000000, 0x00000000f5580000, 0x00000000f5580000)
  object space 349696K, 99% used [0x00000000e0000000,0x00000000f557ffd8,0x00000000f5580000)
 Metaspace       used 54218K, committed 55040K, reserved 1105920K
  class space    used 5414K, committed 5824K, reserved 1048576K
}
Event: 1007.683 GC heap after
{Heap after GC invocations=910 (full 743):
 PSYoungGen      total 38400K, used 28159K [0x00000000f5580000, 0x00000000f8600000, 0x0000000100000000)
  eden space 28160K, 99% used [0x00000000f5580000,0x00000000f70fffa8,0x00000000f7100000)
  from space 10240K, 0% used [0x00000000f7100000,0x00000000f7100000,0x00000000f7b00000)
  to   space 9728K, 0% used [0x00000000f7b80000,0x00000000f7b80000,0x00000000f8500000)
 ParOldGen       total 349696K, used 349695K [0x00000000e0000000, 0x00000000f5580000, 0x00000000f5580000)
  object space 349696K, 99% used [0x00000000e0000000,0x00000000f557ffd8,0x00000000f5580000)
 Metaspace       used 54218K, committed 55040K, reserved 1105920K
  class space    used 5414K, committed 5824K, reserved 1048576K
}
Event: 1007.683 GC heap before
{Heap before GC invocations=911 (full 744):
 PSYoungGen      total 38400K, used 28159K [0x00000000f5580000, 0x00000000f8600000, 0x0000000100000000)
  eden space 28160K, 99% used [0x00000000f5580000,0x00000000f70ffff0,0x00000000f7100000)
  from space 10240K, 0% used [0x00000000f7100000,0x00000000f7100000,0x00000000f7b00000)
  to   space 9728K, 0% used [0x00000000f7b80000,0x00000000f7b80000,0x00000000f8500000)
 ParOldGen       total 349696K, used 349695K [0x00000000e0000000, 0x00000000f5580000, 0x00000000f5580000)
  object space 349696K, 99% used [0x00000000e0000000,0x00000000f557fff0,0x00000000f5580000)
 Metaspace       used 54218K, committed 55040K, reserved 1105920K
  class space    used 5414K, committed 5824K, reserved 1048576K
}
Event: 1008.947 GC heap after
{Heap after GC invocations=911 (full 744):
 PSYoungGen      total 37888K, used 28159K [0x00000000f5580000, 0x00000000f8600000, 0x0000000100000000)
  eden space 28160K, 99% used [0x00000000f5580000,0x00000000f70fffc0,0x00000000f7100000)
  from space 9728K, 0% used [0x00000000f7b80000,0x00000000f7b80000,0x00000000f8500000)
  to   space 10240K, 0% used [0x00000000f7100000,0x00000000f7100000,0x00000000f7b00000)
 ParOldGen       total 349696K, used 349695K [0x00000000e0000000, 0x00000000f5580000, 0x00000000f5580000)
  object space 349696K, 99% used [0x00000000e0000000,0x00000000f557fcc0,0x00000000f5580000)
 Metaspace       used 54218K, committed 55040K, reserved 1105920K
  class space    used 5414K, committed 5824K, reserved 1048576K
}

